<?xml version="1.0" encoding="UTF-8"?>
<testsuite xmlns:xsi="http://www.w3.org/2001/XMLSchema-instance" xsi:noNamespaceSchemaLocation="https://maven.apache.org/surefire/maven-surefire-plugin/xsd/surefire-test-report-3.0.xsd" version="3.0" name="com.example.challengablecities.ChallengableCitiesApplicationTests" time="3.326" tests="1" errors="0" skipped="0" failures="0">
  <properties>
[...]
</properties>
  <testcase name="contextLoads" classname="com.example.challengablecities.ChallengableCitiesApplicationTests" time="0.861">
    <system-out><![CDATA[20:29:49.235 [main] INFO org.springframework.test.context.support.AnnotationConfigContextLoaderUtils -- Could not detect default configuration classes for test class [com.example.challengablecities.ChallengableCitiesApplicationTests]: ChallengableCitiesApplicationTests does not declare any static, non-private, non-final, nested classes annotated with @Configuration.
20:29:49.332 [main] INFO org.springframework.boot.test.context.SpringBootTestContextBootstrapper -- Found @SpringBootConfiguration com.example.challengablecities.ChallengableCitiesApplication for test class com.example.challengablecities.ChallengableCitiesApplicationTests

  .   ____          _            __ _ _
 /\\ / ___'_ __ _ _(_)_ __  __ _ \ \ \ \
( ( )\___ | '_ | '_| | '_ \/ _` | \ \ \ \
 \\/  ___)| |_)| | | | | || (_| |  ) ) ) )
  '  |____| .__|_| |_|_| |_\__, | / / / /
 =========|_|==============|___/=/_/_/_/

 :: Spring Boot ::                (v3.3.1)

2024-07-10T20:29:49.753+03:00  INFO 33784 --- [ChallengableCities] [           main] c.e.c.ChallengableCitiesApplicationTests : Starting ChallengableCitiesApplicationTests using Java 22.0.1 with PID 33784 (started by ahmedelsayed in /Users/ahmedelsayed/Documents/GitHub/Travelio/backend/Challenge/ChallengableCities)
2024-07-10T20:29:49.755+03:00  INFO 33784 --- [ChallengableCities] [           main] c.e.c.ChallengableCitiesApplicationTests : No active profile set, falling back to 1 default profile: "default"
2024-07-10T20:29:50.299+03:00  INFO 33784 --- [ChallengableCities] [           main] .s.d.r.c.RepositoryConfigurationDelegate : Bootstrapping Spring Data MongoDB repositories in DEFAULT mode.
2024-07-10T20:29:50.343+03:00  INFO 33784 --- [ChallengableCities] [           main] .s.d.r.c.RepositoryConfigurationDelegate : Finished Spring Data repository scanning in 39 ms. Found 1 MongoDB repository interface.
2024-07-10T20:29:50.767+03:00  INFO 33784 --- [ChallengableCities] [           main] org.mongodb.driver.client                : MongoClient with metadata {"application": {"name": "Travelio"}, "driver": {"name": "mongo-java-driver|sync|spring-boot", "version": "5.0.1"}, "os": {"type": "Darwin", "name": "Mac OS X", "architecture": "x86_64", "version": "14.5"}, "platform": "Java/Homebrew/22.0.1"} created with settings MongoClientSettings{readPreference=primary, writeConcern=WriteConcern{w=majority, wTimeout=null ms, journal=null}, retryWrites=true, retryReads=true, readConcern=ReadConcern{level=null}, credential=MongoCredential{mechanism=null, userName='aemoein', source='admin', password=<hidden>, mechanismProperties=<hidden>}, transportSettings=null, commandListeners=[], codecRegistry=ProvidersCodecRegistry{codecProviders=[ValueCodecProvider{}, BsonValueCodecProvider{}, DBRefCodecProvider{}, DBObjectCodecProvider{}, DocumentCodecProvider{}, CollectionCodecProvider{}, IterableCodecProvider{}, MapCodecProvider{}, GeoJsonCodecProvider{}, GridFSFileCodecProvider{}, Jsr310CodecProvider{}, JsonObjectCodecProvider{}, BsonCodecProvider{}, EnumCodecProvider{}, com.mongodb.client.model.mql.ExpressionCodecProvider@d257579, com.mongodb.Jep395RecordCodecProvider@518ddd3b, com.mongodb.KotlinCodecProvider@939ff41]}, loggerSettings=LoggerSettings{maxDocumentLength=1000}, clusterSettings={hosts=[127.0.0.1:27017], srvHost=travelio.gb2iom0.mongodb.net, srvServiceName=mongodb, mode=MULTIPLE, requiredClusterType=REPLICA_SET, requiredReplicaSetName='atlas-135oh2-shard-0', serverSelector='null', clusterListeners='[]', serverSelectionTimeout='30000 ms', localThreshold='15 ms'}, socketSettings=SocketSettings{connectTimeoutMS=10000, readTimeoutMS=0, receiveBufferSize=0, proxySettings=ProxySettings{host=null, port=null, username=null, password=null}}, heartbeatSocketSettings=SocketSettings{connectTimeoutMS=10000, readTimeoutMS=10000, receiveBufferSize=0, proxySettings=ProxySettings{host=null, port=null, username=null, password=null}}, connectionPoolSettings=ConnectionPoolSettings{maxSize=100, minSize=0, maxWaitTimeMS=120000, maxConnectionLifeTimeMS=0, maxConnectionIdleTimeMS=0, maintenanceInitialDelayMS=0, maintenanceFrequencyMS=60000, connectionPoolListeners=[], maxConnecting=2}, serverSettings=ServerSettings{heartbeatFrequencyMS=10000, minHeartbeatFrequencyMS=500, serverListeners='[]', serverMonitorListeners='[]'}, sslSettings=SslSettings{enabled=true, invalidHostNameAllowed=false, context=null}, applicationName='Travelio', compressorList=[], uuidRepresentation=JAVA_LEGACY, serverApi=null, autoEncryptionSettings=null, dnsClient=null, inetAddressResolver=null, contextProvider=null}
2024-07-10T20:29:50.791+03:00  INFO 33784 --- [ChallengableCities] [om0.mongodb.net] org.mongodb.driver.cluster               : Adding discovered server ac-t0pc9hq-shard-00-00.gb2iom0.mongodb.net:27017 to client view of cluster
2024-07-10T20:29:50.813+03:00  INFO 33784 --- [ChallengableCities] [om0.mongodb.net] org.mongodb.driver.cluster               : Adding discovered server ac-t0pc9hq-shard-00-02.gb2iom0.mongodb.net:27017 to client view of cluster
2024-07-10T20:29:50.815+03:00  INFO 33784 --- [ChallengableCities] [om0.mongodb.net] org.mongodb.driver.cluster               : Adding discovered server ac-t0pc9hq-shard-00-01.gb2iom0.mongodb.net:27017 to client view of cluster
2024-07-10T20:29:51.497+03:00  INFO 33784 --- [ChallengableCities] [           main] c.e.c.ChallengableCitiesApplicationTests : Started ChallengableCitiesApplicationTests in 2.025 seconds (process running for 2.892)
2024-07-10T20:29:52.028+03:00  INFO 33784 --- [ChallengableCities] [ngodb.net:27017] org.mongodb.driver.cluster               : Monitor thread successfully connected to server with description ServerDescription{address=ac-t0pc9hq-shard-00-00.gb2iom0.mongodb.net:27017, type=REPLICA_SET_SECONDARY, state=CONNECTED, ok=true, minWireVersion=0, maxWireVersion=21, maxDocumentSize=16777216, logicalSessionTimeoutMinutes=30, roundTripTimeNanos=513312556, setName='atlas-135oh2-shard-0', canonicalAddress=ac-t0pc9hq-shard-00-00.gb2iom0.mongodb.net:27017, hosts=[ac-t0pc9hq-shard-00-00.gb2iom0.mongodb.net:27017, ac-t0pc9hq-shard-00-01.gb2iom0.mongodb.net:27017, ac-t0pc9hq-shard-00-02.gb2iom0.mongodb.net:27017], passives=[], arbiters=[], primary='ac-t0pc9hq-shard-00-02.gb2iom0.mongodb.net:27017', tagSet=TagSet{[Tag{name='availabilityZone', value='euw3-az1'}, Tag{name='diskState', value='READY'}, Tag{name='nodeType', value='ELECTABLE'}, Tag{name='provider', value='AWS'}, Tag{name='region', value='EU_WEST_3'}, Tag{name='workloadType', value='OPERATIONAL'}]}, electionId=null, setVersion=6, topologyVersion=TopologyVersion{processId=667f093a3da4686e495a5ea7, counter=4}, lastWriteDate=Wed Jul 10 20:29:52 EEST 2024, lastUpdateTimeNanos=237070677587161}
2024-07-10T20:29:52.028+03:00  INFO 33784 --- [ChallengableCities] [ngodb.net:27017] org.mongodb.driver.cluster               : Monitor thread successfully connected to server with description ServerDescription{address=ac-t0pc9hq-shard-00-02.gb2iom0.mongodb.net:27017, type=REPLICA_SET_PRIMARY, state=CONNECTED, ok=true, minWireVersion=0, maxWireVersion=21, maxDocumentSize=16777216, logicalSessionTimeoutMinutes=30, roundTripTimeNanos=523820000, setName='atlas-135oh2-shard-0', canonicalAddress=ac-t0pc9hq-shard-00-02.gb2iom0.mongodb.net:27017, hosts=[ac-t0pc9hq-shard-00-00.gb2iom0.mongodb.net:27017, ac-t0pc9hq-shard-00-01.gb2iom0.mongodb.net:27017, ac-t0pc9hq-shard-00-02.gb2iom0.mongodb.net:27017], passives=[], arbiters=[], primary='ac-t0pc9hq-shard-00-02.gb2iom0.mongodb.net:27017', tagSet=TagSet{[Tag{name='availabilityZone', value='euw3-az3'}, Tag{name='diskState', value='READY'}, Tag{name='nodeType', value='ELECTABLE'}, Tag{name='provider', value='AWS'}, Tag{name='region', value='EU_WEST_3'}, Tag{name='workloadType', value='OPERATIONAL'}]}, electionId=7fffffff000000000000009b, setVersion=6, topologyVersion=TopologyVersion{processId=667f0b0a13062eb4eb1b4231, counter=6}, lastWriteDate=Wed Jul 10 20:29:52 EEST 2024, lastUpdateTimeNanos=237070677518240}
2024-07-10T20:29:52.028+03:00  INFO 33784 --- [ChallengableCities] [ngodb.net:27017] org.mongodb.driver.cluster               : Monitor thread successfully connected to server with description ServerDescription{address=ac-t0pc9hq-shard-00-01.gb2iom0.mongodb.net:27017, type=REPLICA_SET_SECONDARY, state=CONNECTED, ok=true, minWireVersion=0, maxWireVersion=21, maxDocumentSize=16777216, logicalSessionTimeoutMinutes=30, roundTripTimeNanos=492234350, setName='atlas-135oh2-shard-0', canonicalAddress=ac-t0pc9hq-shard-00-01.gb2iom0.mongodb.net:27017, hosts=[ac-t0pc9hq-shard-00-00.gb2iom0.mongodb.net:27017, ac-t0pc9hq-shard-00-01.gb2iom0.mongodb.net:27017, ac-t0pc9hq-shard-00-02.gb2iom0.mongodb.net:27017], passives=[], arbiters=[], primary='ac-t0pc9hq-shard-00-02.gb2iom0.mongodb.net:27017', tagSet=TagSet{[Tag{name='availabilityZone', value='euw3-az2'}, Tag{name='diskState', value='READY'}, Tag{name='nodeType', value='ELECTABLE'}, Tag{name='provider', value='AWS'}, Tag{name='region', value='EU_WEST_3'}, Tag{name='workloadType', value='OPERATIONAL'}]}, electionId=null, setVersion=6, topologyVersion=TopologyVersion{processId=667f0c46f8a37057b19dc4f1, counter=3}, lastWriteDate=Wed Jul 10 20:29:52 EEST 2024, lastUpdateTimeNanos=237070677524927}
2024-07-10T20:29:52.032+03:00  INFO 33784 --- [ChallengableCities] [ngodb.net:27017] org.mongodb.driver.cluster               : Discovered replica set primary ac-t0pc9hq-shard-00-02.gb2iom0.mongodb.net:27017 with max election id 7fffffff000000000000009b and max set version 6
]]></system-out>
    <system-err><![CDATA[WARNING: A Java agent has been loaded dynamically (/Users/ahmedelsayed/.m2/repository/net/bytebuddy/byte-buddy-agent/1.14.17/byte-buddy-agent-1.14.17.jar)
WARNING: If a serviceability tool is in use, please run with -XX:+EnableDynamicAgentLoading to hide this warning
WARNING: If a serviceability tool is not in use, please run with -Djdk.instrument.traceUsage for more information
WARNING: Dynamic loading of agents will be disallowed by default in a future release
]]></system-err>
  </testcase>
</testsuite>