<?xml version="1.0" encoding="UTF-8"?>
<testsuite xmlns:xsi="http://www.w3.org/2001/XMLSchema-instance" xsi:noNamespaceSchemaLocation="https://maven.apache.org/surefire/maven-surefire-plugin/xsd/surefire-test-report-3.0.xsd" version="3.0" name="com.example.challenge.ChallengeApplicationTests" time="7.117" tests="1" errors="0" skipped="0" failures="0">
  <properties>
[...]
</properties>
  <testcase name="contextLoads" classname="com.example.challenge.ChallengeApplicationTests" time="1.799">
    <system-out><![CDATA[22:04:23.411 [main] INFO org.springframework.test.context.support.AnnotationConfigContextLoaderUtils -- Could not detect default configuration classes for test class [com.example.challenge.ChallengeApplicationTests]: ChallengeApplicationTests does not declare any static, non-private, non-final, nested classes annotated with @Configuration.
22:04:23.617 [main] INFO org.springframework.boot.test.context.SpringBootTestContextBootstrapper -- Found @SpringBootConfiguration com.example.challenge.ChallengeApplication for test class com.example.challenge.ChallengeApplicationTests

  .   ____          _            __ _ _
 /\\ / ___'_ __ _ _(_)_ __  __ _ \ \ \ \
( ( )\___ | '_ | '_| | '_ \/ _` | \ \ \ \
 \\/  ___)| |_)| | | | | || (_| |  ) ) ) )
  '  |____| .__|_| |_|_| |_\__, | / / / /
 =========|_|==============|___/=/_/_/_/

 :: Spring Boot ::                (v3.3.1)

2024-08-10T22:04:24.553+03:00  INFO 17567 --- [Challenge] [           main] c.e.challenge.ChallengeApplicationTests  : Starting ChallengeApplicationTests using Java 22.0.1 with PID 17567 (started by ahmedelsayed in /Users/ahmedelsayed/Documents/GitHub/Travelio/backend/Challenge/Challenge)
2024-08-10T22:04:24.555+03:00  INFO 17567 --- [Challenge] [           main] c.e.challenge.ChallengeApplicationTests  : No active profile set, falling back to 1 default profile: "default"
2024-08-10T22:04:25.736+03:00  INFO 17567 --- [Challenge] [           main] .s.d.r.c.RepositoryConfigurationDelegate : Bootstrapping Spring Data MongoDB repositories in DEFAULT mode.
2024-08-10T22:04:25.834+03:00  INFO 17567 --- [Challenge] [           main] .s.d.r.c.RepositoryConfigurationDelegate : Finished Spring Data repository scanning in 89 ms. Found 1 MongoDB repository interface.
2024-08-10T22:04:26.753+03:00  INFO 17567 --- [Challenge] [om0.mongodb.net] org.mongodb.driver.cluster               : Adding discovered server ac-t0pc9hq-shard-00-00.gb2iom0.mongodb.net:27017 to client view of cluster
2024-08-10T22:04:26.757+03:00  INFO 17567 --- [Challenge] [           main] org.mongodb.driver.client                : MongoClient with metadata {"application": {"name": "Travelio"}, "driver": {"name": "mongo-java-driver|sync|spring-boot", "version": "5.0.1"}, "os": {"type": "Darwin", "name": "Mac OS X", "architecture": "x86_64", "version": "14.5"}, "platform": "Java/Homebrew/22.0.1"} created with settings MongoClientSettings{readPreference=primary, writeConcern=WriteConcern{w=majority, wTimeout=null ms, journal=null}, retryWrites=true, retryReads=true, readConcern=ReadConcern{level=null}, credential=MongoCredential{mechanism=null, userName='aemoein', source='admin', password=<hidden>, mechanismProperties=<hidden>}, transportSettings=null, commandListeners=[], codecRegistry=ProvidersCodecRegistry{codecProviders=[ValueCodecProvider{}, BsonValueCodecProvider{}, DBRefCodecProvider{}, DBObjectCodecProvider{}, DocumentCodecProvider{}, CollectionCodecProvider{}, IterableCodecProvider{}, MapCodecProvider{}, GeoJsonCodecProvider{}, GridFSFileCodecProvider{}, Jsr310CodecProvider{}, JsonObjectCodecProvider{}, BsonCodecProvider{}, EnumCodecProvider{}, com.mongodb.client.model.mql.ExpressionCodecProvider@27df95e, com.mongodb.Jep395RecordCodecProvider@b46e103, com.mongodb.KotlinCodecProvider@2b0e9f30]}, loggerSettings=LoggerSettings{maxDocumentLength=1000}, clusterSettings={hosts=[127.0.0.1:27017], srvHost=travelio.gb2iom0.mongodb.net, srvServiceName=mongodb, mode=MULTIPLE, requiredClusterType=REPLICA_SET, requiredReplicaSetName='atlas-135oh2-shard-0', serverSelector='null', clusterListeners='[]', serverSelectionTimeout='30000 ms', localThreshold='15 ms'}, socketSettings=SocketSettings{connectTimeoutMS=10000, readTimeoutMS=0, receiveBufferSize=0, proxySettings=ProxySettings{host=null, port=null, username=null, password=null}}, heartbeatSocketSettings=SocketSettings{connectTimeoutMS=10000, readTimeoutMS=10000, receiveBufferSize=0, proxySettings=ProxySettings{host=null, port=null, username=null, password=null}}, connectionPoolSettings=ConnectionPoolSettings{maxSize=100, minSize=0, maxWaitTimeMS=120000, maxConnectionLifeTimeMS=0, maxConnectionIdleTimeMS=0, maintenanceInitialDelayMS=0, maintenanceFrequencyMS=60000, connectionPoolListeners=[], maxConnecting=2}, serverSettings=ServerSettings{heartbeatFrequencyMS=10000, minHeartbeatFrequencyMS=500, serverListeners='[]', serverMonitorListeners='[]'}, sslSettings=SslSettings{enabled=true, invalidHostNameAllowed=false, context=null}, applicationName='Travelio', compressorList=[], uuidRepresentation=JAVA_LEGACY, serverApi=null, autoEncryptionSettings=null, dnsClient=null, inetAddressResolver=null, contextProvider=null}
2024-08-10T22:04:26.807+03:00  INFO 17567 --- [Challenge] [om0.mongodb.net] org.mongodb.driver.cluster               : Adding discovered server ac-t0pc9hq-shard-00-02.gb2iom0.mongodb.net:27017 to client view of cluster
2024-08-10T22:04:26.814+03:00  INFO 17567 --- [Challenge] [om0.mongodb.net] org.mongodb.driver.cluster               : Adding discovered server ac-t0pc9hq-shard-00-01.gb2iom0.mongodb.net:27017 to client view of cluster
2024-08-10T22:04:28.175+03:00  INFO 17567 --- [Challenge] [ngodb.net:27017] org.mongodb.driver.cluster               : Monitor thread successfully connected to server with description ServerDescription{address=ac-t0pc9hq-shard-00-01.gb2iom0.mongodb.net:27017, type=REPLICA_SET_PRIMARY, state=CONNECTED, ok=true, minWireVersion=0, maxWireVersion=21, maxDocumentSize=16777216, logicalSessionTimeoutMinutes=30, roundTripTimeNanos=742281800, setName='atlas-135oh2-shard-0', canonicalAddress=ac-t0pc9hq-shard-00-01.gb2iom0.mongodb.net:27017, hosts=[ac-t0pc9hq-shard-00-00.gb2iom0.mongodb.net:27017, ac-t0pc9hq-shard-00-01.gb2iom0.mongodb.net:27017, ac-t0pc9hq-shard-00-02.gb2iom0.mongodb.net:27017], passives=[], arbiters=[], primary='ac-t0pc9hq-shard-00-01.gb2iom0.mongodb.net:27017', tagSet=TagSet{[Tag{name='availabilityZone', value='euw3-az2'}, Tag{name='diskState', value='READY'}, Tag{name='nodeType', value='ELECTABLE'}, Tag{name='provider', value='AWS'}, Tag{name='region', value='EU_WEST_3'}, Tag{name='workloadType', value='OPERATIONAL'}]}, electionId=7fffffff00000000000000a0, setVersion=9, topologyVersion=TopologyVersion{processId=66b669dfb0034eee641e65f6, counter=6}, lastWriteDate=Sat Aug 10 22:04:28 EEST 2024, lastUpdateTimeNanos=2362489843865555}
2024-08-10T22:04:28.175+03:00  INFO 17567 --- [Challenge] [ngodb.net:27017] org.mongodb.driver.cluster               : Monitor thread successfully connected to server with description ServerDescription{address=ac-t0pc9hq-shard-00-00.gb2iom0.mongodb.net:27017, type=REPLICA_SET_SECONDARY, state=CONNECTED, ok=true, minWireVersion=0, maxWireVersion=21, maxDocumentSize=16777216, logicalSessionTimeoutMinutes=30, roundTripTimeNanos=742109318, setName='atlas-135oh2-shard-0', canonicalAddress=ac-t0pc9hq-shard-00-00.gb2iom0.mongodb.net:27017, hosts=[ac-t0pc9hq-shard-00-00.gb2iom0.mongodb.net:27017, ac-t0pc9hq-shard-00-01.gb2iom0.mongodb.net:27017, ac-t0pc9hq-shard-00-02.gb2iom0.mongodb.net:27017], passives=[], arbiters=[], primary='ac-t0pc9hq-shard-00-01.gb2iom0.mongodb.net:27017', tagSet=TagSet{[Tag{name='availabilityZone', value='euw3-az1'}, Tag{name='diskState', value='READY'}, Tag{name='nodeType', value='ELECTABLE'}, Tag{name='provider', value='AWS'}, Tag{name='region', value='EU_WEST_3'}, Tag{name='workloadType', value='OPERATIONAL'}]}, electionId=null, setVersion=9, topologyVersion=TopologyVersion{processId=66b66856e91354aeea71e06e, counter=4}, lastWriteDate=Sat Aug 10 22:04:28 EEST 2024, lastUpdateTimeNanos=2362489843865472}
2024-08-10T22:04:28.175+03:00  INFO 17567 --- [Challenge] [ngodb.net:27017] org.mongodb.driver.cluster               : Monitor thread successfully connected to server with description ServerDescription{address=ac-t0pc9hq-shard-00-02.gb2iom0.mongodb.net:27017, type=REPLICA_SET_SECONDARY, state=CONNECTED, ok=true, minWireVersion=0, maxWireVersion=21, maxDocumentSize=16777216, logicalSessionTimeoutMinutes=30, roundTripTimeNanos=742386196, setName='atlas-135oh2-shard-0', canonicalAddress=ac-t0pc9hq-shard-00-02.gb2iom0.mongodb.net:27017, hosts=[ac-t0pc9hq-shard-00-00.gb2iom0.mongodb.net:27017, ac-t0pc9hq-shard-00-01.gb2iom0.mongodb.net:27017, ac-t0pc9hq-shard-00-02.gb2iom0.mongodb.net:27017], passives=[], arbiters=[], primary='ac-t0pc9hq-shard-00-01.gb2iom0.mongodb.net:27017', tagSet=TagSet{[Tag{name='availabilityZone', value='euw3-az3'}, Tag{name='diskState', value='READY'}, Tag{name='nodeType', value='ELECTABLE'}, Tag{name='provider', value='AWS'}, Tag{name='region', value='EU_WEST_3'}, Tag{name='workloadType', value='OPERATIONAL'}]}, electionId=null, setVersion=9, topologyVersion=TopologyVersion{processId=66b66bfdcf1979fc3e20ba82, counter=3}, lastWriteDate=Sat Aug 10 22:04:28 EEST 2024, lastUpdateTimeNanos=2362489843865343}
2024-08-10T22:04:28.182+03:00  INFO 17567 --- [Challenge] [ngodb.net:27017] org.mongodb.driver.cluster               : Discovered replica set primary ac-t0pc9hq-shard-00-01.gb2iom0.mongodb.net:27017 with max election id 7fffffff00000000000000a0 and max set version 9
2024-08-10T22:04:28.323+03:00  INFO 17567 --- [Challenge] [           main] c.e.challenge.ChallengeApplicationTests  : Started ChallengeApplicationTests in 4.42 seconds (process running for 6.344)
]]></system-out>
    <system-err><![CDATA[WARNING: A Java agent has been loaded dynamically (/Users/ahmedelsayed/.m2/repository/net/bytebuddy/byte-buddy-agent/1.14.17/byte-buddy-agent-1.14.17.jar)
WARNING: If a serviceability tool is in use, please run with -XX:+EnableDynamicAgentLoading to hide this warning
WARNING: If a serviceability tool is not in use, please run with -Djdk.instrument.traceUsage for more information
WARNING: Dynamic loading of agents will be disallowed by default in a future release
]]></system-err>
  </testcase>
</testsuite>